<?xml version="1.0" encoding="UTF-8"?>
<!-- Generated by org.testng.reporters.JUnitXMLReporter -->
<testsuite hostname="REEMAGGA-IN" name="Test1" tests="6" failures="0" timestamp="5 Nov 2020 10:19:48 GMT" time="0.017" errors="0">
  <testcase name="loginByEmail" time="0.001" classname="BatchTesting.LoginTest"/>
  <testcase name="loginByFacebook" time="0.001" classname="BatchTesting.LoginTest"/>
  <testcase name="loginByTwitter" time="0.001" classname="BatchTesting.LoginTest"/>
  <testcase name="SignupByFacebook" time="0.001" classname="BatchTesting.SignUpTest"/>
  <testcase name="SignupByTwitter" time="0.001" classname="BatchTesting.SignUpTest"/>
  <testcase name="SignupByemail" time="0.002" classname="BatchTesting.SignUpTest"/>
</testsuite> <!-- Test1 -->
